2021-09-17 14:08:09.006 [main]: ERROR org.springframework.boot.SpringApplication:837 reportFailure -  Application run failed
java.lang.IllegalArgumentException: Could not find class [org.springframework.data.mongodb.MongoDatabaseFactory]
	at org.springframework.util.ClassUtils.resolveClassName(ClassUtils.java:335)
	at org.springframework.core.annotation.TypeMappedAnnotation.adapt(TypeMappedAnnotation.java:481)
	at org.springframework.core.annotation.TypeMappedAnnotation.getValue(TypeMappedAnnotation.java:401)
	at org.springframework.core.annotation.TypeMappedAnnotation.asMap(TypeMappedAnnotation.java:286)
	at org.springframework.core.annotation.AbstractMergedAnnotation.asAnnotationAttributes(AbstractMergedAnnotation.java:193)
	at org.springframework.core.type.AnnotatedTypeMetadata.getAnnotationAttributes(AnnotatedTypeMetadata.java:106)
	at org.springframework.context.annotation.AnnotationConfigUtils.attributesFor(AnnotationConfigUtils.java:285)
	at org.springframework.context.annotation.AnnotationBeanNameGenerator.determineBeanNameFromAnnotation(AnnotationBeanNameGenerator.java:98)
	at org.springframework.context.annotation.AnnotationBeanNameGenerator.generateBeanName(AnnotationBeanNameGenerator.java:77)
	at org.springframework.context.annotation.ConfigurationClassBeanDefinitionReader.registerBeanDefinitionForImportedConfigurationClass(ConfigurationClassBeanDefinitionReader.java:160)
	at org.springframework.context.annotation.ConfigurationClassBeanDefinitionReader.loadBeanDefinitionsForConfigurationClass(ConfigurationClassBeanDefinitionReader.java:141)
	at org.springframework.context.annotation.ConfigurationClassBeanDefinitionReader.loadBeanDefinitions(ConfigurationClassBeanDefinitionReader.java:120)
	at org.springframework.context.annotation.ConfigurationClassPostProcessor.processConfigBeanDefinitions(ConfigurationClassPostProcessor.java:331)
	at org.springframework.context.annotation.ConfigurationClassPostProcessor.postProcessBeanDefinitionRegistry(ConfigurationClassPostProcessor.java:236)
	at org.springframework.context.support.PostProcessorRegistrationDelegate.invokeBeanDefinitionRegistryPostProcessors(PostProcessorRegistrationDelegate.java:275)
	at org.springframework.context.support.PostProcessorRegistrationDelegate.invokeBeanFactoryPostProcessors(PostProcessorRegistrationDelegate.java:95)
	at org.springframework.context.support.AbstractApplicationContext.invokeBeanFactoryPostProcessors(AbstractApplicationContext.java:706)
	at org.springframework.context.support.AbstractApplicationContext.__refresh(AbstractApplicationContext.java:532)
	at org.springframework.context.support.AbstractApplicationContext.jrLockAndRefresh(AbstractApplicationContext.java:40002)
	at org.springframework.context.support.AbstractApplicationContext.refresh(AbstractApplicationContext.java:41008)
	at org.springframework.boot.web.servlet.context.ServletWebServerApplicationContext.refresh(ServletWebServerApplicationContext.java:143)
	at org.springframework.boot.SpringApplication.refresh(SpringApplication.java:758)
	at org.springframework.boot.SpringApplication.refresh(SpringApplication.java:750)
	at org.springframework.boot.SpringApplication.refreshContext(SpringApplication.java:397)
	at org.springframework.boot.SpringApplication.run(SpringApplication.java:315)
	at org.springframework.boot.SpringApplication.run(SpringApplication.java:1237)
	at org.springframework.boot.SpringApplication.run(SpringApplication.java:1226)
	at com.tbc.demo.DemoApplication.main(DemoApplication.java:22)
Caused by: java.lang.ClassNotFoundException: org.springframework.data.mongodb.MongoDatabaseFactory
	at java.net.URLClassLoader.findClass(URLClassLoader.java:382)
	at java.lang.ClassLoader.loadClass(ClassLoader.java:418)
	at sun.misc.Launcher$AppClassLoader.loadClass(Launcher.java:355)
	at java.lang.ClassLoader.loadClass(ClassLoader.java:351)
	at java.lang.Class.forName0(Native Method)
	at java.lang.Class.forName(Class.java:348)
	at org.springframework.util.ClassUtils.forName(ClassUtils.java:285)
	at org.springframework.util.ClassUtils.resolveClassName(ClassUtils.java:325)
	... 27 common frames omitted
2021-09-17 14:08:52.847 [main]: ERROR org.springframework.boot.SpringApplication:837 reportFailure -  Application run failed
java.lang.IllegalArgumentException: Could not find class [org.springframework.data.mongodb.MongoDatabaseFactory]
	at org.springframework.util.ClassUtils.resolveClassName(ClassUtils.java:335)
	at org.springframework.core.annotation.TypeMappedAnnotation.adapt(TypeMappedAnnotation.java:481)
	at org.springframework.core.annotation.TypeMappedAnnotation.getValue(TypeMappedAnnotation.java:401)
	at org.springframework.core.annotation.TypeMappedAnnotation.asMap(TypeMappedAnnotation.java:286)
	at org.springframework.core.annotation.AbstractMergedAnnotation.asAnnotationAttributes(AbstractMergedAnnotation.java:193)
	at org.springframework.core.type.AnnotatedTypeMetadata.getAnnotationAttributes(AnnotatedTypeMetadata.java:106)
	at org.springframework.context.annotation.AnnotationConfigUtils.attributesFor(AnnotationConfigUtils.java:285)
	at org.springframework.context.annotation.AnnotationBeanNameGenerator.determineBeanNameFromAnnotation(AnnotationBeanNameGenerator.java:98)
	at org.springframework.context.annotation.AnnotationBeanNameGenerator.generateBeanName(AnnotationBeanNameGenerator.java:77)
	at org.springframework.context.annotation.ConfigurationClassBeanDefinitionReader.registerBeanDefinitionForImportedConfigurationClass(ConfigurationClassBeanDefinitionReader.java:160)
	at org.springframework.context.annotation.ConfigurationClassBeanDefinitionReader.loadBeanDefinitionsForConfigurationClass(ConfigurationClassBeanDefinitionReader.java:141)
	at org.springframework.context.annotation.ConfigurationClassBeanDefinitionReader.loadBeanDefinitions(ConfigurationClassBeanDefinitionReader.java:120)
	at org.springframework.context.annotation.ConfigurationClassPostProcessor.processConfigBeanDefinitions(ConfigurationClassPostProcessor.java:331)
	at org.springframework.context.annotation.ConfigurationClassPostProcessor.postProcessBeanDefinitionRegistry(ConfigurationClassPostProcessor.java:236)
	at org.springframework.context.support.PostProcessorRegistrationDelegate.invokeBeanDefinitionRegistryPostProcessors(PostProcessorRegistrationDelegate.java:275)
	at org.springframework.context.support.PostProcessorRegistrationDelegate.invokeBeanFactoryPostProcessors(PostProcessorRegistrationDelegate.java:95)
	at org.springframework.context.support.AbstractApplicationContext.invokeBeanFactoryPostProcessors(AbstractApplicationContext.java:706)
	at org.springframework.context.support.AbstractApplicationContext.__refresh(AbstractApplicationContext.java:532)
	at org.springframework.context.support.AbstractApplicationContext.jrLockAndRefresh(AbstractApplicationContext.java:40002)
	at org.springframework.context.support.AbstractApplicationContext.refresh(AbstractApplicationContext.java:41008)
	at org.springframework.boot.web.servlet.context.ServletWebServerApplicationContext.refresh(ServletWebServerApplicationContext.java:143)
	at org.springframework.boot.SpringApplication.refresh(SpringApplication.java:758)
	at org.springframework.boot.SpringApplication.refresh(SpringApplication.java:750)
	at org.springframework.boot.SpringApplication.refreshContext(SpringApplication.java:397)
	at org.springframework.boot.SpringApplication.run(SpringApplication.java:315)
	at org.springframework.boot.SpringApplication.run(SpringApplication.java:1237)
	at org.springframework.boot.SpringApplication.run(SpringApplication.java:1226)
	at com.tbc.demo.DemoApplication.main(DemoApplication.java:22)
Caused by: java.lang.ClassNotFoundException: org.springframework.data.mongodb.MongoDatabaseFactory
	at java.net.URLClassLoader.findClass(URLClassLoader.java:382)
	at java.lang.ClassLoader.loadClass(ClassLoader.java:418)
	at sun.misc.Launcher$AppClassLoader.loadClass(Launcher.java:355)
	at java.lang.ClassLoader.loadClass(ClassLoader.java:351)
	at java.lang.Class.forName0(Native Method)
	at java.lang.Class.forName(Class.java:348)
	at org.springframework.util.ClassUtils.forName(ClassUtils.java:285)
	at org.springframework.util.ClassUtils.resolveClassName(ClassUtils.java:325)
	... 27 common frames omitted
2021-09-17 14:09:33.378 [main]: ERROR org.springframework.boot.SpringApplication:837 reportFailure -  Application run failed
java.lang.IllegalArgumentException: Could not find class [org.springframework.data.mongodb.MongoDatabaseFactory]
	at org.springframework.util.ClassUtils.resolveClassName(ClassUtils.java:335)
	at org.springframework.core.annotation.TypeMappedAnnotation.adapt(TypeMappedAnnotation.java:481)
	at org.springframework.core.annotation.TypeMappedAnnotation.getValue(TypeMappedAnnotation.java:401)
	at org.springframework.core.annotation.TypeMappedAnnotation.asMap(TypeMappedAnnotation.java:286)
	at org.springframework.core.annotation.AbstractMergedAnnotation.asAnnotationAttributes(AbstractMergedAnnotation.java:193)
	at org.springframework.core.type.AnnotatedTypeMetadata.getAnnotationAttributes(AnnotatedTypeMetadata.java:106)
	at org.springframework.context.annotation.AnnotationConfigUtils.attributesFor(AnnotationConfigUtils.java:285)
	at org.springframework.context.annotation.AnnotationBeanNameGenerator.determineBeanNameFromAnnotation(AnnotationBeanNameGenerator.java:98)
	at org.springframework.context.annotation.AnnotationBeanNameGenerator.generateBeanName(AnnotationBeanNameGenerator.java:77)
	at org.springframework.context.annotation.ConfigurationClassBeanDefinitionReader.registerBeanDefinitionForImportedConfigurationClass(ConfigurationClassBeanDefinitionReader.java:160)
	at org.springframework.context.annotation.ConfigurationClassBeanDefinitionReader.loadBeanDefinitionsForConfigurationClass(ConfigurationClassBeanDefinitionReader.java:141)
	at org.springframework.context.annotation.ConfigurationClassBeanDefinitionReader.loadBeanDefinitions(ConfigurationClassBeanDefinitionReader.java:120)
	at org.springframework.context.annotation.ConfigurationClassPostProcessor.processConfigBeanDefinitions(ConfigurationClassPostProcessor.java:331)
	at org.springframework.context.annotation.ConfigurationClassPostProcessor.postProcessBeanDefinitionRegistry(ConfigurationClassPostProcessor.java:236)
	at org.springframework.context.support.PostProcessorRegistrationDelegate.invokeBeanDefinitionRegistryPostProcessors(PostProcessorRegistrationDelegate.java:275)
	at org.springframework.context.support.PostProcessorRegistrationDelegate.invokeBeanFactoryPostProcessors(PostProcessorRegistrationDelegate.java:95)
	at org.springframework.context.support.AbstractApplicationContext.invokeBeanFactoryPostProcessors(AbstractApplicationContext.java:706)
	at org.springframework.context.support.AbstractApplicationContext.refresh(AbstractApplicationContext.java:532)
	at org.springframework.boot.web.servlet.context.ServletWebServerApplicationContext.refresh(ServletWebServerApplicationContext.java:143)
	at org.springframework.boot.SpringApplication.refresh(SpringApplication.java:758)
	at org.springframework.boot.SpringApplication.refresh(SpringApplication.java:750)
	at org.springframework.boot.SpringApplication.refreshContext(SpringApplication.java:397)
	at org.springframework.boot.SpringApplication.run(SpringApplication.java:315)
	at org.springframework.boot.SpringApplication.run(SpringApplication.java:1237)
	at org.springframework.boot.SpringApplication.run(SpringApplication.java:1226)
	at com.tbc.demo.DemoApplication.main(DemoApplication.java:22)
Caused by: java.lang.ClassNotFoundException: org.springframework.data.mongodb.MongoDatabaseFactory
	at java.net.URLClassLoader.findClass(URLClassLoader.java:382)
	at java.lang.ClassLoader.loadClass(ClassLoader.java:418)
	at sun.misc.Launcher$AppClassLoader.loadClass(Launcher.java:355)
	at java.lang.ClassLoader.loadClass(ClassLoader.java:351)
	at java.lang.Class.forName0(Native Method)
	at java.lang.Class.forName(Class.java:348)
	at org.springframework.util.ClassUtils.forName(ClassUtils.java:285)
	at org.springframework.util.ClassUtils.resolveClassName(ClassUtils.java:325)
	... 25 common frames omitted
2021-09-17 14:10:57.551 [main]: ERROR org.springframework.boot.diagnostics.LoggingFailureAnalysisReporter:40 report -  

***************************
APPLICATION FAILED TO START
***************************

Description:

An attempt was made to call a method that does not exist. The attempt was made from the following location:

    org.springframework.boot.autoconfigure.mongo.MongoClientFactorySupport.applyUuidRepresentation(MongoClientFactorySupport.java:85)

The following method did not exist:

    com.mongodb.MongoClientSettings$Builder.uuidRepresentation(Lorg/bson/UuidRepresentation;)Lcom/mongodb/MongoClientSettings$Builder;

The method's class, com.mongodb.MongoClientSettings$Builder, is available from the following locations:

    jar:file:/home/ihr/.m2/repository/org/mongodb/mongo-java-driver/3.11.2/mongo-java-driver-3.11.2.jar!/com/mongodb/MongoClientSettings$Builder.class

It was loaded from the following location:

    file:/home/ihr/.m2/repository/org/mongodb/mongo-java-driver/3.11.2/mongo-java-driver-3.11.2.jar


Action:

Correct the classpath of your application so that it contains a single, compatible version of com.mongodb.MongoClientSettings$Builder

2021-09-17 14:12:06.870 [main]: ERROR org.springframework.boot.diagnostics.LoggingFailureAnalysisReporter:40 report -  

***************************
APPLICATION FAILED TO START
***************************

Description:

An attempt was made to call a method that does not exist. The attempt was made from the following location:

    org.springframework.boot.autoconfigure.mongo.MongoClientFactorySupport.applyUuidRepresentation(MongoClientFactorySupport.java:85)

The following method did not exist:

    com.mongodb.MongoClientSettings$Builder.uuidRepresentation(Lorg/bson/UuidRepresentation;)Lcom/mongodb/MongoClientSettings$Builder;

The method's class, com.mongodb.MongoClientSettings$Builder, is available from the following locations:

    jar:file:/home/ihr/.m2/repository/org/mongodb/mongo-java-driver/3.11.2/mongo-java-driver-3.11.2.jar!/com/mongodb/MongoClientSettings$Builder.class

It was loaded from the following location:

    file:/home/ihr/.m2/repository/org/mongodb/mongo-java-driver/3.11.2/mongo-java-driver-3.11.2.jar


Action:

Correct the classpath of your application so that it contains a single, compatible version of com.mongodb.MongoClientSettings$Builder

2021-09-17 14:13:34.216 [main]: ERROR org.springframework.boot.diagnostics.LoggingFailureAnalysisReporter:40 report -  

***************************
APPLICATION FAILED TO START
***************************

Description:

An attempt was made to call a method that does not exist. The attempt was made from the following location:

    org.springframework.boot.autoconfigure.mongo.MongoClientFactorySupport.applyUuidRepresentation(MongoClientFactorySupport.java:85)

The following method did not exist:

    com.mongodb.MongoClientSettings$Builder.uuidRepresentation(Lorg/bson/UuidRepresentation;)Lcom/mongodb/MongoClientSettings$Builder;

The method's class, com.mongodb.MongoClientSettings$Builder, is available from the following locations:

    jar:file:/home/ihr/.m2/repository/org/mongodb/mongo-java-driver/3.11.2/mongo-java-driver-3.11.2.jar!/com/mongodb/MongoClientSettings$Builder.class

It was loaded from the following location:

    file:/home/ihr/.m2/repository/org/mongodb/mongo-java-driver/3.11.2/mongo-java-driver-3.11.2.jar


Action:

Correct the classpath of your application so that it contains a single, compatible version of com.mongodb.MongoClientSettings$Builder

