2021-09-17 14:16:13.911 [main]: INFO org.springframework.boot.StartupInfoLogger:55 logStarting -  Starting DemoApplication on ihr-Vostro-3670-China-HDD-Protection with PID 223507 (/home/ihr/IdeaProjects/spring_vue/demo/target/classes started by ihr in /home/ihr/IdeaProjects/spring_vue/demo)
2021-09-17 14:16:13.915 [main]: INFO org.springframework.boot.SpringApplication:651 logStartupProfileInfo -  No active profile set, falling back to default profiles: default
2021-09-17 14:16:15.321 [main]: INFO org.springframework.data.repository.config.RepositoryConfigurationDelegate:249 multipleStoresDetected -  Multiple Spring Data modules found, entering strict repository configuration mode!
2021-09-17 14:16:15.325 [main]: INFO org.springframework.data.repository.config.RepositoryConfigurationDelegate:127 registerRepositoriesIn -  Bootstrapping Spring Data Redis repositories in DEFAULT mode.
2021-09-17 14:16:15.419 [main]: INFO org.springframework.data.repository.config.RepositoryConfigurationDelegate:187 registerRepositoriesIn -  Finished Spring Data repository scanning in 51ms. Found 0 Redis repository interfaces.
2021-09-17 14:16:16.743 [main]: INFO com.tbc.demo.common.LoggerAop:41 afterReturningPrintLog -  ##########   方法执行总时长:[1631859376743]毫秒
2021-09-17 14:16:17.031 [main]: INFO com.tbc.demo.common.LoggerAop:53 exAfterReturning -  ##########   执行返回值:[{}]
2021-09-17 14:16:17.225 [main]: INFO com.tbc.demo.common.LoggerAop:41 afterReturningPrintLog -  ##########   方法执行总时长:[1631859377225]毫秒
2021-09-17 14:16:17.226 [main]: INFO com.tbc.demo.common.LoggerAop:53 exAfterReturning -  ##########   执行返回值:[null]
2021-09-17 14:16:17.226 [main]: INFO com.tbc.demo.common.LoggerAop:41 afterReturningPrintLog -  ##########   方法执行总时长:[1631859377226]毫秒
2021-09-17 14:16:17.226 [main]: INFO com.tbc.demo.common.LoggerAop:53 exAfterReturning -  ##########   执行返回值:[null]
2021-09-17 14:16:17.508 [main]: INFO org.springframework.boot.web.embedded.tomcat.TomcatWebServer:108 initialize -  Tomcat initialized with port(s): 8081 (http)
2021-09-17 14:16:17.541 [main]: INFO org.apache.juli.logging.DirectJDKLog:173 log -  Initializing ProtocolHandler ["http-nio-127.0.0.1-8081"]
2021-09-17 14:16:17.542 [main]: INFO org.apache.juli.logging.DirectJDKLog:173 log -  Starting service [Tomcat]
2021-09-17 14:16:17.542 [main]: INFO org.apache.juli.logging.DirectJDKLog:173 log -  Starting Servlet engine: [Apache Tomcat/9.0.35]
2021-09-17 14:16:17.662 [main]: INFO org.apache.juli.logging.DirectJDKLog:173 log -  Initializing Spring embedded WebApplicationContext
2021-09-17 14:16:17.663 [main]: INFO org.springframework.boot.web.servlet.context.ServletWebServerApplicationContext:284 prepareWebApplicationContext -  Root WebApplicationContext: initialization completed in 3666 ms
2021-09-17 14:16:19.448 [main]: INFO org.springframework.scheduling.concurrent.ExecutorConfigurationSupport:181 initialize -  Initializing ExecutorService 'applicationTaskExecutor'
2021-09-17 14:16:21.919 [main]: INFO org.apache.juli.logging.DirectJDKLog:173 log -  Starting ProtocolHandler ["http-nio-127.0.0.1-8081"]
2021-09-17 14:16:21.948 [main]: INFO org.springframework.boot.web.embedded.tomcat.TomcatWebServer:220 start -  Tomcat started on port(s): 8081 (http) with context path ''
2021-09-17 14:16:21.958 [main]: INFO org.springframework.boot.StartupInfoLogger:61 logStarted -  Started DemoApplication in 9.364 seconds (JVM running for 19.589)
